#
# A fatal error has been detected by the Java Runtime Environment:
#
#  SIGSEGV (0xb) at pc=0x00007ff1acc14ffa, pid=14269, tid=140673907291904
#
# JRE version: 7.0_09-b05
# Java VM: Java HotSpot(TM) 64-Bit Server VM (23.5-b02 mixed mode linux-amd64 compressed oops)
# Problematic frame:
# C  [libxcb.so.1+0x9ffa]  xcb_writev+0x1a
#
# Failed to write core dump. Core dumps have been disabled. To enable core dumping, try "ulimit -c unlimited" before starting Java again
#
# If you would like to submit a bug report, please visit:
#   http://bugreport.sun.com/bugreport/crash.jsp
#

---------------  T H R E A D  ---------------

Current thread is native thread

siginfo:si_signo=SIGSEGV: si_errno=0, si_code=1 (SEGV_MAPERR), si_addr=0x0000000000000000

Registers:
RAX=0x00007ff1ad7827a0, RBX=0x0000000000000000, RCX=0x0000000000000001, RDX=0x0000000000000003
RSP=0x00007ff13245ed10, RBP=0x0000000000000000, RSI=0x00007ff13245ed60, RDI=0x0000000000000000
R8 =0x0000000000000000, R9 =0x0000000000000002, R10=0x0000000000000000, R11=0x0000000000000000
R12=0x00007ff13245ed60, R13=0x00007ff13245ed90, R14=0x00007ff1500067a0, R15=0x0000000000000000
RIP=0x00007ff1acc14ffa, EFLAGS=0x0000000000010202, CSGSFS=0x0000000000000033, ERR=0x0000000000000004
  TRAPNO=0x000000000000000e

Top of Stack: (sp=0x00007ff13245ed10)
0x00007ff13245ed10:   000000000000331e ffffffffffffffff
0x00007ff13245ed20:   0000000000000000 0000000000000000
0x00007ff13245ed30:   0000000000000000 00007ff13245ed60
0x00007ff13245ed40:   00007ff13245ed90 00007ff1ad48bd5e
0x00007ff13245ed50:   0000000000000000 0000000000000001
0x00007ff13245ed60:   00007ff15000d1a0 0000000000000004
0x00007ff13245ed70:   0000000000000000 0000000000000000
0x00007ff13245ed80:   00007ff1ad7827a0 0000000000000000
0x00007ff13245ed90:   00007ff150011a90 00007ff1500067a0
0x00007ff13245eda0:   00007ff132662080 0000000000000000
0x00007ff13245edb0:   00007ff1c9cfe060 0000000000000000
0x00007ff13245edc0:   00007ff13245ee30 00007ff1ad48c237
0x00007ff13245edd0:   000000000000006b 0000000100000002
0x00007ff13245ede0:   0000000000000000 0000000000000000
0x00007ff13245edf0:   0000000000000001 00007ff1500067a0
0x00007ff13245ee00:   00007ff132662080 0000000000000000
0x00007ff13245ee10:   00007ff1c9cfe060 00007ff1c98cf740
0x00007ff13245ee20:   0000000000001000 00007ff1ad482081
0x00007ff13245ee30:   00000002331e0001 0000000000000000
0x00007ff13245ee40:   0000000000000000 0000000000000000
0x00007ff13245ee50:   0000000000000000 c22f83b45a7a7500
0x00007ff13245ee60:   00007ff1c9cfe060 00007ff132662080
0x00007ff13245ee70:   0000000000000000 00007ff132460be8
0x00007ff13245ee80:   0000000000000000 0000000001036640
0x00007ff13245ee90:   0000000000000000 0000000000000000
0x00007ff13245eea0:   0000000000000000 00007ff1c98c5f8e
0x00007ff13245eeb0:   0000000000000000 00007ff13245f700
0x00007ff13245eec0:   00007ff13245f700 f27a5bcc0339c78c
0x00007ff13245eed0:   0000000000000000 00007ff1c9cfe060
0x00007ff13245eee0:   00007ff1c98cf740 0000000000001000
0x00007ff13245eef0:   0d983f47de59c78c 0d99c8d4bd97c78c
0x00007ff13245ef00:   0000000000000000 0000000000000000 

Instructions: (pc=0x00007ff1acc14ffa)
0x00007ff1acc14fda:   eb bb 0f 1f 40 00 48 89 5c 24 e0 48 89 6c 24 e8
0x00007ff1acc14fea:   31 ed 4c 89 64 24 f0 4c 89 6c 24 f8 48 83 ec 38
0x00007ff1acc14ffa:   44 8b 17 48 89 fb 45 85 d2 75 38 4c 8d 6f 18 49
0x00007ff1acc1500a:   89 cc 89 14 24 48 89 74 24 08 4c 89 ef e8 f4 f3 

Register to memory mapping:

RAX=0x00007ff1ad7827a0: <offset 0x3397a0> in /usr/lib/x86_64-linux-gnu/libX11.so.6 at 0x00007ff1ad449000
RBX=0x0000000000000000 is an unknown value
RCX=0x0000000000000001 is an unknown value
RDX=0x0000000000000003 is an unknown value
RSP=0x00007ff13245ed10 is an unknown value
RBP=0x0000000000000000 is an unknown value
RSI=0x00007ff13245ed60 is an unknown value
RDI=0x0000000000000000 is an unknown value
R8 =0x0000000000000000 is an unknown value
R9 =0x0000000000000002 is an unknown value
R10=0x0000000000000000 is an unknown value
R11=0x0000000000000000 is an unknown value
R12=0x00007ff13245ed60 is an unknown value
R13=0x00007ff13245ed90 is an unknown value
R14=0x00007ff1500067a0 is an unknown value
R15=0x0000000000000000 is an unknown value


Stack: [0x00007ff131c5f000,0x00007ff132460000],  sp=0x00007ff13245ed10,  free space=8191k
Native frames: (J=compiled Java code, j=interpreted, Vv=VM code, C=native code)
C  [libxcb.so.1+0x9ffa]  xcb_writev+0x1a

[error occurred during error reporting (printing native stack), id 0xb]


---------------  P R O C E S S  ---------------

VM state:at safepoint (shutting down)

VM Mutex/Monitor currently owned by a thread:  ([mutex/lock_event])
[0x00007ff1c4008000] Threads_lock - owner thread: 0x00007ff1c4093800

Heap
 PSYoungGen      total 377152K, used 76407K [0x00000000e16b0000, 0x00000000fe0c0000, 0x0000000100000000)
  eden space 376320K, 20% used [0x00000000e16b0000,0x00000000e6085cd8,0x00000000f8630000)
  from space 832K, 96% used [0x00000000fcc80000,0x00000000fcd48000,0x00000000fcd50000)
  to   space 10752K, 0% used [0x00000000fd640000,0x00000000fd640000,0x00000000fe0c0000)
 ParOldGen       total 62656K, used 47653K [0x00000000a4400000, 0x00000000a8130000, 0x00000000e16b0000)
  object space 62656K, 76% used [0x00000000a4400000,0x00000000a72895a8,0x00000000a8130000)
 PSPermGen       total 43136K, used 43031K [0x000000009f200000, 0x00000000a1c20000, 0x00000000a4400000)
  object space 43136K, 99% used [0x000000009f200000,0x00000000a1c05e40,0x00000000a1c20000)

Card table byte_map: [0x00007ff1bcae0000,0x00007ff1bcde8000] byte_map_base: 0x00007ff1bc5e7000

Polling page: 0x00007ff1c9cfa000

Code Cache  [0x00007ff1bcf68000, 0x00007ff1bd7f8000, 0x00007ff1c2f68000)
 total_blobs=4064 nmethods=3601 adapters=395 free_code_cache=89570Kb largest_free_block=91718016

Compilation events (10 events):
Event: 238.104 Thread 0x00007ff1c40ee000 3629       1       java.util.Hashtable$Enumerator::nextElement (111 bytes)
Event: 238.105 Thread 0x00007ff1c40ee000 nmethod 3629 0x00007ff1bd7eded0 code [0x00007ff1bd7ee040, 0x00007ff1bd7ee2e8]
Event: 238.108 Thread 0x00007ff1c40ee000 3630       1       java.util.concurrent.FutureTask$Sync::tryReleaseShared (7 bytes)
Event: 238.108 Thread 0x00007ff1c40ee000 nmethod 3630 0x00007ff1bd7eea90 code [0x00007ff1bd7eebe0, 0x00007ff1bd7eed50]
Event: 238.183 Thread 0x00007ff1c40ee000 3631       1       java.lang.Object::toString (36 bytes)
Event: 238.184 Thread 0x00007ff1c40ee000 nmethod 3631 0x00007ff1bd7eed90 code [0x00007ff1bd7eef40, 0x00007ff1bd7ef328]
Event: 238.308 Thread 0x00007ff1c40ee000 3632       1       clojure.core$reset_BANG_::invoke (13 bytes)
Event: 238.309 Thread 0x00007ff1c40ee000 nmethod 3632 0x00007ff1bd7ef550 code [0x00007ff1bd7ef6c0, 0x00007ff1bd7ef8d8]
Event: 238.309 Thread 0x00007ff1c40ee000 3633       1       clojure.lang.Atom::reset (29 bytes)
Event: 238.310 Thread 0x00007ff1c40ee000 nmethod 3633 0x00007ff1bd7efa50 code [0x00007ff1bd7efbc0, 0x00007ff1bd7efd98]

GC Heap History (10 events):
Event: 34.102 GC heap before
{Heap before GC invocations=17 (full 0):
 PSYoungGen      total 489920K, used 480288K [0x00000000e16b0000, 0x0000000100000000, 0x0000000100000000)
  eden space 479680K, 100% used [0x00000000e16b0000,0x00000000feb20000,0x00000000feb20000)
  from space 10240K, 5% used [0x00000000ff5d0000,0x00000000ff668000,0x00000000fffd0000)
  to   space 10688K, 0% used [0x00000000feb20000,0x00000000feb20000,0x00000000ff590000)
 ParOldGen       total 62656K, used 45438K [0x00000000a4400000, 0x00000000a8130000, 0x00000000e16b0000)
  object space 62656K, 72% used [0x00000000a4400000,0x00000000a705f9c8,0x00000000a8130000)
 PSPermGen       total 42176K, used 42116K [0x000000009f200000, 0x00000000a1b30000, 0x00000000a4400000)
  object space 42176K, 99% used [0x000000009f200000,0x00000000a1b212e8,0x00000000a1b30000)
Event: 34.115 GC heap after
Heap after GC invocations=17 (full 0):
 PSYoungGen      total 457344K, used 512K [0x00000000e16b0000, 0x00000000ff5e0000, 0x0000000100000000)
  eden space 456832K, 0% used [0x00000000e16b0000,0x00000000e16b0000,0x00000000fd4d0000)
  from space 512K, 100% used [0x00000000feb20000,0x00000000feba0000,0x00000000feba0000)
  to   space 10496K, 0% used [0x00000000feba0000,0x00000000feba0000,0x00000000ff5e0000)
 ParOldGen       total 62656K, used 45902K [0x00000000a4400000, 0x00000000a8130000, 0x00000000e16b0000)
  object space 62656K, 73% used [0x00000000a4400000,0x00000000a70d39c8,0x00000000a8130000)
 PSPermGen       total 42176K, used 42116K [0x000000009f200000, 0x00000000a1b30000, 0x00000000a4400000)
  object space 42176K, 99% used [0x000000009f200000,0x00000000a1b212e8,0x00000000a1b30000)
}
Event: 35.732 GC heap before
{Heap before GC invocations=18 (full 0):
 PSYoungGen      total 457344K, used 457344K [0x00000000e16b0000, 0x00000000ff5e0000, 0x0000000100000000)
  eden space 456832K, 100% used [0x00000000e16b0000,0x00000000fd4d0000,0x00000000fd4d0000)
  from space 512K, 100% used [0x00000000feb20000,0x00000000feba0000,0x00000000feba0000)
  to   space 10496K, 0% used [0x00000000feba0000,0x00000000feba0000,0x00000000ff5e0000)
 ParOldGen       total 62656K, used 45902K [0x00000000a4400000, 0x00000000a8130000, 0x00000000e16b0000)
  object space 62656K, 73% used [0x00000000a4400000,0x00000000a70d39c8,0x00000000a8130000)
 PSPermGen       total 42176K, used 42116K [0x000000009f200000, 0x00000000a1b30000, 0x00000000a4400000)
  object space 42176K, 99% used [0x000000009f200000,0x00000000a1b212e8,0x00000000a1b30000)
Event: 35.739 GC heap after
Heap after GC invocations=18 (full 0):
 PSYoungGen      total 435264K, used 96K [0x00000000e16b0000, 0x00000000febc0000, 0x0000000100000000)
  eden space 435136K, 0% used [0x00000000e16b0000,0x00000000e16b0000,0x00000000fbfa0000)
  from space 128K, 75% used [0x00000000feba0000,0x00000000febb8000,0x00000000febc0000)
  to   space 11200K, 0% used [0x00000000fd5e0000,0x00000000fd5e0000,0x00000000fe0d0000)
 ParOldGen       total 62656K, used 46405K [0x00000000a4400000, 0x00000000a8130000, 0x00000000e16b0000)
  object space 62656K, 74% used [0x00000000a4400000,0x00000000a71515a8,0x00000000a8130000)
 PSPermGen       total 42176K, used 42116K [0x000000009f200000, 0x00000000a1b30000, 0x00000000a4400000)
  object space 42176K, 99% used [0x000000009f200000,0x00000000a1b212e8,0x00000000a1b30000)
}
Event: 37.251 GC heap before
{Heap before GC invocations=19 (full 0):
 PSYoungGen      total 435264K, used 435232K [0x00000000e16b0000, 0x00000000febc0000, 0x0000000100000000)
  eden space 435136K, 100% used [0x00000000e16b0000,0x00000000fbfa0000,0x00000000fbfa0000)
  from space 128K, 75% used [0x00000000feba0000,0x00000000febb8000,0x00000000febc0000)
  to   space 11200K, 0% used [0x00000000fd5e0000,0x00000000fd5e0000,0x00000000fe0d0000)
 ParOldGen       total 62656K, used 46405K [0x00000000a4400000, 0x00000000a8130000, 0x00000000e16b0000)
  object space 62656K, 74% used [0x00000000a4400000,0x00000000a71515a8,0x00000000a8130000)
 PSPermGen       total 42176K, used 42116K [0x000000009f200000, 0x00000000a1b30000, 0x00000000a4400000)
  object space 42176K, 99% used [0x000000009f200000,0x00000000a1b212e8,0x00000000a1b30000)
Event: 37.256 GC heap after
Heap after GC invocations=19 (full 0):
 PSYoungGen      total 414656K, used 96K [0x00000000e16b0000, 0x00000000febb0000, 0x0000000100000000)
  eden space 414528K, 0% used [0x00000000e16b0000,0x00000000e16b0000,0x00000000fab80000)
  from space 128K, 75% used [0x00000000fd5e0000,0x00000000fd5f8000,0x00000000fd600000)
  to   space 11264K, 0% used [0x00000000fe0b0000,0x00000000fe0b0000,0x00000000febb0000)
 ParOldGen       total 62656K, used 46429K [0x00000000a4400000, 0x00000000a8130000, 0x00000000e16b0000)
  object space 62656K, 74% used [0x00000000a4400000,0x00000000a71575a8,0x00000000a8130000)
 PSPermGen       total 42176K, used 42116K [0x000000009f200000, 0x00000000a1b30000, 0x00000000a4400000)
  object space 42176K, 99% used [0x000000009f200000,0x00000000a1b212e8,0x00000000a1b30000)
}
Event: 43.306 GC heap before
{Heap before GC invocations=20 (full 0):
 PSYoungGen      total 414656K, used 414624K [0x00000000e16b0000, 0x00000000febb0000, 0x0000000100000000)
  eden space 414528K, 100% used [0x00000000e16b0000,0x00000000fab80000,0x00000000fab80000)
  from space 128K, 75% used [0x00000000fd5e0000,0x00000000fd5f8000,0x00000000fd600000)
  to   space 11264K, 0% used [0x00000000fe0b0000,0x00000000fe0b0000,0x00000000febb0000)
 ParOldGen       total 62656K, used 46429K [0x00000000a4400000, 0x00000000a8130000, 0x00000000e16b0000)
  object space 62656K, 74% used [0x00000000a4400000,0x00000000a71575a8,0x00000000a8130000)
 PSPermGen       total 42368K, used 42277K [0x000000009f200000, 0x00000000a1b60000, 0x00000000a4400000)
  object space 42368K, 99% used [0x000000009f200000,0x00000000a1b49780,0x00000000a1b60000)
Event: 43.319 GC heap after
Heap after GC invocations=20 (full 0):
 PSYoungGen      total 396288K, used 1344K [0x00000000e16b0000, 0x00000000fe200000, 0x0000000100000000)
  eden space 394944K, 0% used [0x00000000e16b0000,0x00000000e16b0000,0x00000000f9860000)
  from space 1344K, 100% used [0x00000000fe0b0000,0x00000000fe200000,0x00000000fe200000)
  to   space 11008K, 0% used [0x00000000fcc80000,0x00000000fcc80000,0x00000000fd740000)
 ParOldGen       total 62656K, used 46445K [0x00000000a4400000, 0x00000000a8130000, 0x00000000e16b0000)
  object space 62656K, 74% used [0x00000000a4400000,0x00000000a715b5a8,0x00000000a8130000)
 PSPermGen       total 42368K, used 42277K [0x000000009f200000, 0x00000000a1b60000, 0x00000000a4400000)
  object space 42368K, 99% used [0x000000009f200000,0x00000000a1b49780,0x00000000a1b60000)
}
Event: 238.200 GC heap before
{Heap before GC invocations=21 (full 0):
 PSYoungGen      total 396288K, used 396288K [0x00000000e16b0000, 0x00000000fe200000, 0x0000000100000000)
  eden space 394944K, 100% used [0x00000000e16b0000,0x00000000f9860000,0x00000000f9860000)
  from space 1344K, 100% used [0x00000000fe0b0000,0x00000000fe200000,0x00000000fe200000)
  to   space 11008K, 0% used [0x00000000fcc80000,0x00000000fcc80000,0x00000000fd740000)
 ParOldGen       total 62656K, used 46445K [0x00000000a4400000, 0x00000000a8130000, 0x00000000e16b0000)
  object space 62656K, 74% used [0x00000000a4400000,0x00000000a715b5a8,0x00000000a8130000)
 PSPermGen       total 43136K, used 43030K [0x000000009f200000, 0x00000000a1c20000, 0x00000000a4400000)
  object space 43136K, 99% used [0x000000009f200000,0x00000000a1c05ac0,0x00000000a1c20000)
Event: 238.212 GC heap after
Heap after GC invocations=21 (full 0):
 PSYoungGen      total 377152K, used 800K [0x00000000e16b0000, 0x00000000fe0c0000, 0x0000000100000000)
  eden space 376320K, 0% used [0x00000000e16b0000,0x00000000e16b0000,0x00000000f8630000)
  from space 832K, 96% used [0x00000000fcc80000,0x00000000fcd48000,0x00000000fcd50000)
  to   space 10752K, 0% used [0x00000000fd640000,0x00000000fd640000,0x00000000fe0c0000)
 ParOldGen       total 62656K, used 47653K [0x00000000a4400000, 0x00000000a8130000, 0x00000000e16b0000)
  object space 62656K, 76% used [0x00000000a4400000,0x00000000a72895a8,0x00000000a8130000)
 PSPermGen       total 43136K, used 43030K [0x000000009f200000, 0x00000000a1c20000, 0x00000000a4400000)
  object space 43136K, 99% used [0x000000009f200000,0x00000000a1c05ac0,0x00000000a1c20000)
}

Deoptimization events (0 events):
No events

Internal exceptions (10 events):
Event: 229.872 Thread 0x00007ff178005000 Threw 0x00000000f6a9e070 at /HUDSON/workspace/jdk7u9-2-build-linux-amd64-product/jdk7u9/hotspot/src/share/vm/prims/jvm.cpp:1166
Event: 229.873 Thread 0x00007ff178005000 Threw 0x00000000f6a9ed78 at /HUDSON/workspace/jdk7u9-2-build-linux-amd64-product/jdk7u9/hotspot/src/share/vm/prims/jvm.cpp:1166
Event: 229.873 Thread 0x00007ff178005000 Threw 0x00000000f6aa4498 at /HUDSON/workspace/jdk7u9-2-build-linux-amd64-product/jdk7u9/hotspot/src/share/vm/prims/jvm.cpp:1166
Event: 229.873 Thread 0x00007ff178005000 Threw 0x00000000f6aa4c60 at /HUDSON/workspace/jdk7u9-2-build-linux-amd64-product/jdk7u9/hotspot/src/share/vm/prims/jvm.cpp:1166
Event: 229.873 Thread 0x00007ff178005000 Threw 0x00000000f6aa5328 at /HUDSON/workspace/jdk7u9-2-build-linux-amd64-product/jdk7u9/hotspot/src/share/vm/prims/jvm.cpp:1166
Event: 229.873 Thread 0x00007ff178005000 Threw 0x00000000f6aa59f0 at /HUDSON/workspace/jdk7u9-2-build-linux-amd64-product/jdk7u9/hotspot/src/share/vm/prims/jvm.cpp:1166
Event: 229.873 Thread 0x00007ff178005000 Threw 0x00000000f6aa60b8 at /HUDSON/workspace/jdk7u9-2-build-linux-amd64-product/jdk7u9/hotspot/src/share/vm/prims/jvm.cpp:1166
Event: 229.873 Thread 0x00007ff178005000 Threw 0x00000000f6aa6780 at /HUDSON/workspace/jdk7u9-2-build-linux-amd64-product/jdk7u9/hotspot/src/share/vm/prims/jvm.cpp:1166
Event: 229.873 Thread 0x00007ff178005000 Threw 0x00000000f6aa6e48 at /HUDSON/workspace/jdk7u9-2-build-linux-amd64-product/jdk7u9/hotspot/src/share/vm/prims/jvm.cpp:1166
Event: 229.873 Thread 0x00007ff178005000 Threw 0x00000000f6aa7510 at /HUDSON/workspace/jdk7u9-2-build-linux-amd64-product/jdk7u9/hotspot/src/share/vm/prims/jvm.cpp:1166

Events (10 events):
Event: 238.431 Thread 0x00007ff16c03a000 Thread exited: 0x00007ff16c03a000
Event: 238.431 Thread 0x00007ff16c03a000 Thread added: 0x00007ff16c03a000
Event: 238.432 Thread 0x00007ff16c03a000 Thread exited: 0x00007ff16c03a000
Event: 238.453 Executing VM operation: RevokeBias
Event: 238.454 Executing VM operation: RevokeBias done
Event: 238.454 Thread 0x00007ff164591800 Thread exited: 0x00007ff164591800
Event: 248.111 Thread 0x00007ff178072000 Thread exited: 0x00007ff178072000
Event: 248.115 Thread 0x00007ff18c120000 Thread added: 0x00007ff18c120000
Event: 248.115 Thread 0x00007ff17c02b000 Thread exited: 0x00007ff17c02b000
Event: 248.115 Executing VM operation: Exit


Dynamic libraries:
00400000-00401000 r-xp 00000000 08:01 2623007                            /usr/java/jre1.7.0_09/bin/java
00600000-00601000 rw-p 00000000 08:01 2623007                            /usr/java/jre1.7.0_09/bin/java
01201000-01222000 rw-p 00000000 00:00 0                                  [heap]
9f200000-a1c20000 rw-p 00000000 00:00 0 
a1c20000-a4400000 rw-p 00000000 00:00 0 
a4400000-a8130000 rw-p 00000000 00:00 0 
a8130000-e16b0000 rw-p 00000000 00:00 0 
e16b0000-fe0c0000 rw-p 00000000 00:00 0 
fe0c0000-100000000 ---p 00000000 00:00 0 
7ff1084c1000-7ff1084c4000 ---p 00000000 00:00 0 
7ff1084c4000-7ff1085c2000 rw-p 00000000 00:00 0 
7ff1085c2000-7ff1085c5000 ---p 00000000 00:00 0 
7ff1085c5000-7ff1086c3000 rw-p 00000000 00:00 0 
7ff1086c3000-7ff1086c6000 ---p 00000000 00:00 0 
7ff1086c6000-7ff1087c4000 rw-p 00000000 00:00 0 
7ff117469000-7ff11746c000 ---p 00000000 00:00 0 
7ff11746c000-7ff11756a000 rw-p 00000000 00:00 0 
7ff11756a000-7ff11759c000 r-xp 00000000 08:01 2623670                    /usr/java/jre1.7.0_09/lib/amd64/libsunec.so
7ff11759c000-7ff11779b000 ---p 00032000 08:01 2623670                    /usr/java/jre1.7.0_09/lib/amd64/libsunec.so
7ff11779b000-7ff1177a1000 rw-p 00031000 08:01 2623670                    /usr/java/jre1.7.0_09/lib/amd64/libsunec.so
7ff1177a1000-7ff1177b1000 rw-p 00000000 00:00 0 
7ff1177b1000-7ff1177b4000 ---p 00000000 00:00 0 
7ff1177b4000-7ff1178b2000 rw-p 00000000 00:00 0 
7ff1178b2000-7ff1178b5000 ---p 00000000 00:00 0 
7ff1178b5000-7ff1179b3000 rw-p 00000000 00:00 0 
7ff1179b3000-7ff1179b6000 ---p 00000000 00:00 0 
7ff1179b6000-7ff117ab4000 rw-p 00000000 00:00 0 
7ff117ab4000-7ff117ab7000 ---p 00000000 00:00 0 
7ff117ab7000-7ff117bb5000 rw-p 00000000 00:00 0 
7ff117bb5000-7ff117bb8000 ---p 00000000 00:00 0 
7ff117bb8000-7ff117cb6000 rw-p 00000000 00:00 0 
7ff117cb6000-7ff117cb9000 ---p 00000000 00:00 0 
7ff117cb9000-7ff117db7000 rw-p 00000000 00:00 0                          [stack:14610]
7ff117db7000-7ff117db8000 ---p 00000000 00:00 0 
7ff117db8000-7ff1185b8000 rw-p 00000000 00:00 0                          [stack:14365]
7ff11964a000-7ff11964d000 ---p 00000000 00:00 0 
7ff11964d000-7ff119e4b000 rw-p 00000000 00:00 0 
7ff129e4c000-7ff129e4f000 r-xp 00000000 08:01 3947910                    /home/nicoletto/dev/clojure/libs/overtone/hackio/target/native/linux/x86_64/MCLDCepstrumUGens.so
7ff129e4f000-7ff12a04e000 ---p 00003000 08:01 3947910                    /home/nicoletto/dev/clojure/libs/overtone/hackio/target/native/linux/x86_64/MCLDCepstrumUGens.so
7ff12a04e000-7ff12a04f000 r--p 00002000 08:01 3947910                    /home/nicoletto/dev/clojure/libs/overtone/hackio/target/native/linux/x86_64/MCLDCepstrumUGens.so
7ff12a04f000-7ff12a050000 rw-p 00003000 08:01 3947910                    /home/nicoletto/dev/clojure/libs/overtone/hackio/target/native/linux/x86_64/MCLDCepstrumUGens.so
7ff12a050000-7ff12a05c000 rw-p 00000000 00:00 0 
7ff12a05c000-7ff12a068000 r-xp 00000000 08:01 3948041                    /home/nicoletto/dev/clojure/libs/overtone/hackio/target/native/linux/x86_64/DemandUGens.so
7ff12a068000-7ff12a268000 ---p 0000c000 08:01 3948041                    /home/nicoletto/dev/clojure/libs/overtone/hackio/target/native/linux/x86_64/DemandUGens.so
7ff12a268000-7ff12a269000 r--p 0000c000 08:01 3948041                    /home/nicoletto/dev/clojure/libs/overtone/hackio/target/native/linux/x86_64/DemandUGens.so
7ff12a269000-7ff12a26a000 rw-p 0000d000 08:01 3948041                    /home/nicoletto/dev/clojure/libs/overtone/hackio/target/native/linux/x86_64/DemandUGens.so
7ff12a26a000-7ff12a272000 r-xp 00000000 08:01 3948057                    /home/nicoletto/dev/clojure/libs/overtone/hackio/target/native/linux/x86_64/PanUGens.so
7ff12a272000-7ff12a471000 ---p 00008000 08:01 3948057                    /home/nicoletto/dev/clojure/libs/overtone/hackio/target/native/linux/x86_64/PanUGens.so
7ff12a471000-7ff12a472000 r--p 00007000 08:01 3948057                    /home/nicoletto/dev/clojure/libs/overtone/hackio/target/native/linux/x86_64/PanUGens.so
7ff12a472000-7ff12a473000 rw-p 00008000 08:01 3948057                    /home/nicoletto/dev/clojure/libs/overtone/hackio/target/native/linux/x86_64/PanUGens.so
7ff12a473000-7ff12a47d000 r-xp 00000000 08:01 3947913                    /home/nicoletto/dev/clojure/libs/overtone/hackio/target/native/linux/x86_64/MCLDFFTUGens.so
7ff12a47d000-7ff12a67c000 ---p 0000a000 08:01 3947913                    /home/nicoletto/dev/clojure/libs/overtone/hackio/target/native/linux/x86_64/MCLDFFTUGens.so
7ff12a67c000-7ff12a67d000 r--p 00009000 08:01 3947913                    /home/nicoletto/dev/clojure/libs/overtone/hackio/target/native/linux/x86_64/MCLDFFTUGens.so
7ff12a67d000-7ff12a67e000 rw-p 0000a000 08:01 3947913                    /home/nicoletto/dev/clojure/libs/overtone/hackio/target/native/linux/x86_64/MCLDFFTUGens.so
7ff12a67e000-7ff12a68a000 rw-p 00000000 00:00 0 
7ff12a68a000-7ff12a68e000 r-xp 00000000 08:01 3947909                    /home/nicoletto/dev/clojure/libs/overtone/hackio/target/native/linux/x86_64/MCLDBufferUGens.so
7ff12a68e000-7ff12a88d000 ---p 00004000 08:01 3947909                    /home/nicoletto/dev/clojure/libs/overtone/hackio/target/native/linux/x86_64/MCLDBufferUGens.so
7ff12a88d000-7ff12a88e000 r--p 00003000 08:01 3947909                    /home/nicoletto/dev/clojure/libs/overtone/hackio/target/native/linux/x86_64/MCLDBufferUGens.so
7ff12a88e000-7ff12a88f000 rw-p 00004000 08:01 3947909                    /home/nicoletto/dev/clojure/libs/overtone/hackio/target/native/linux/x86_64/MCLDBufferUGens.so
7ff12a88f000-7ff12a89c000 r-xp 00000000 08:01 3947923                    /home/nicoletto/dev/clojure/libs/overtone/hackio/target/native/linux/x86_64/NCAnalysisUGens.so
7ff12a89c000-7ff12aa9b000 ---p 0000d000 08:01 3947923                    /home/nicoletto/dev/clojure/libs/overtone/hackio/target/native/linux/x86_64/NCAnalysisUGens.so
7ff12aa9b000-7ff12aa9c000 r--p 0000c000 08:01 3947923                    /home/nicoletto/dev/clojure/libs/overtone/hackio/target/native/linux/x86_64/NCAnalysisUGens.so
7ff12aa9c000-7ff12aa9d000 rw-p 0000d000 08:01 3947923                    /home/nicoletto/dev/clojure/libs/overtone/hackio/target/native/linux/x86_64/NCAnalysisUGens.so
7ff12aa9d000-7ff12aae8000 rw-p 00000000 00:00 0 
7ff12aae8000-7ff12aafb000 r-xp 00000000 08:01 3947905                    /home/nicoletto/dev/clojure/libs/overtone/hackio/target/native/linux/x86_64/JoshPVUGens.so
7ff12aafb000-7ff12acfa000 ---p 00013000 08:01 3947905                    /home/nicoletto/dev/clojure/libs/overtone/hackio/target/native/linux/x86_64/JoshPVUGens.so
7ff12acfa000-7ff12acfb000 r--p 00012000 08:01 3947905                    /home/nicoletto/dev/clojure/libs/overtone/hackio/target/native/linux/x86_64/JoshPVUGens.so
7ff12acfb000-7ff12acfc000 rw-p 00013000 08:01 3947905                    /home/nicoletto/dev/clojure/libs/overtone/hackio/target/native/linux/x86_64/JoshPVUGens.so
7ff12acfc000-7ff12ad08000 rw-p 00000000 00:00 0 
7ff12ad08000-7ff12ad0e000 r-xp 00000000 08:01 3948055                    /home/nicoletto/dev/clojure/libs/overtone/hackio/target/native/linux/x86_64/NoiseUGens.so
7ff12ad0e000-7ff12af0d000 ---p 00006000 08:01 3948055                    /home/nicoletto/dev/clojure/libs/overtone/hackio/target/native/linux/x86_64/NoiseUGens.so
7ff12af0d000-7ff12af0e000 r--p 00005000 08:01 3948055                    /home/nicoletto/dev/clojure/libs/overtone/hackio/target/native/linux/x86_64/NoiseUGens.so
7ff12af0e000-7ff12af0f000 rw-p 00006000 08:01 3948055                    /home/nicoletto/dev/clojure/libs/overtone/hackio/target/native/linux/x86_64/NoiseUGens.so
7ff12af0f000-7ff12af13000 r-xp 00000000 08:01 3947930                    /home/nicoletto/dev/clojure/libs/overtone/hackio/target/native/linux/x86_64/TagSystemUgens.so
7ff12af13000-7ff12b112000 ---p 00004000 08:01 3947930                    /home/nicoletto/dev/clojure/libs/overtone/hackio/target/native/linux/x86_64/TagSystemUgens.so
7ff12b112000-7ff12b113000 r--p 00003000 08:01 3947930                    /home/nicoletto/dev/clojure/libs/overtone/hackio/target/native/linux/x86_64/TagSystemUgens.so
7ff12b113000-7ff12b114000 rw-p 00004000 08:01 3947930                    /home/nicoletto/dev/clojure/libs/overtone/hackio/target/native/linux/x86_64/TagSystemUgens.so
7ff12b114000-7ff12b119000 r-xp 00000000 08:01 3947897                    /home/nicoletto/dev/clojure/libs/overtone/hackio/target/native/linux/x86_64/BhobGrain.so
7ff12b119000-7ff12b319000 ---p 00005000 08:01 3947897                    /home/nicoletto/dev/clojure/libs/overtone/hackio/target/native/linux/x86_64/BhobGrain.so
7ff12b319000-7ff12b31a000 r--p 00005000 08:01 3947897                    /home/nicoletto/dev/clojure/libs/overtone/hackio/target/native/linux/x86_64/BhobGrain.so
7ff12b31a000-7ff12b31b000 rw-p 00006000 08:01 3947897                    /home/nicoletto/dev/clojure/libs/overtone/hackio/target/native/linux/x86_64/BhobGrain.so
7ff12b31b000-7ff12b321000 r-xp 00000000 08:01 3947891                    /home/nicoletto/dev/clojure/libs/overtone/hackio/target/native/linux/x86_64/BBCut2UGens.so
7ff12b321000-7ff12b520000 ---p 00006000 08:01 3947891                    /home/nicoletto/dev/clojure/libs/overtone/hackio/target/native/linux/x86_64/BBCut2UGens.so
7ff12b520000-7ff12b521000 r--p 00005000 08:01 3947891                    /home/nicoletto/dev/clojure/libs/overtone/hackio/target/native/linux/x86_64/BBCut2UGens.so
7ff12b521000-7ff12b523000 rw-p 00006000 08:01 3947891                    /home/nicoletto/dev/clojure/libs/overtone/hackio/target/native/linux/x86_64/BBCut2UGens.so
7ff12b523000-7ff12b526000 r-xp 00000000 08:01 3947933                    /home/nicoletto/dev/clojure/libs/overtone/hackio/target/native/linux/x86_64/VOSIM.so
7ff12b526000-7ff12b725000 ---p 00003000 08:01 3947933                    /home/nicoletto/dev/clojure/libs/overtone/hackio/target/native/linux/x86_64/VOSIM.so
7ff12b725000-7ff12b726000 r--p 00002000 08:01 3947933                    /home/nicoletto/dev/clojure/libs/overtone/hackio/target/native/linux/x86_64/VOSIM.so
7ff12b726000-7ff12b727000 rw-p 00003000 08:01 3947933                    /home/nicoletto/dev/clojure/libs/overtone/hackio/target/native/linux/x86_64/VOSIM.so
7ff12b727000-7ff12b761000 r-xp 00000000 08:01 3947904                    /home/nicoletto/dev/clojure/libs/overtone/hackio/target/native/linux/x86_64/JoshGrainUGens.so
7ff12b761000-7ff12b960000 ---p 0003a000 08:01 3947904                    /home/nicoletto/dev/clojure/libs/overtone/hackio/target/native/linux/x86_64/JoshGrainUGens.so
7ff12b960000-7ff12b961000 r--p 00039000 08:01 3947904                    /home/nicoletto/dev/clojure/libs/overtone/hackio/target/native/linux/x86_64/JoshGrainUGens.so
7ff12b961000-7ff12b962000 rw-p 0003a000 08:01 3947904                    /home/nicoletto/dev/clojure/libs/overtone/hackio/target/native/linux/x86_64/JoshGrainUGens.so
7ff12b962000-7ff12b964000 r-xp 00000000 08:01 3948064                    /home/nicoletto/dev/clojure/libs/overtone/hackio/target/native/linux/x86_64/UnpackFFTUGens.so
7ff12b964000-7ff12bb63000 ---p 00002000 08:01 3948064                    /home/nicoletto/dev/clojure/libs/overtone/hackio/target/native/linux/x86_64/UnpackFFTUGens.so
7ff12bb63000-7ff12bb64000 r--p 00001000 08:01 3948064                    /home/nicoletto/dev/clojure/libs/overtone/hackio/target/native/linux/x86_64/UnpackFFTUGens.so
7ff12bb64000-7ff12bb65000 rw-p 00002000 08:01 3948064                    /home/nicoletto/dev/clojure/libs/overtone/hackio/target/native/linux/x86_64/UnpackFFTUGens.so
7ff12bb65000-7ff12bb71000 rw-p 00000000 00:00 0 
7ff12bb71000-7ff12bb74000 r-xp 00000000 08:01 3947901                    /home/nicoletto/dev/clojure/libs/overtone/hackio/target/native/linux/x86_64/DistortionUGens.so
7ff12bb74000-7ff12bd73000 ---p 00003000 08:01 3947901                    /home/nicoletto/dev/clojure/libs/overtone/hackio/target/native/linux/x86_64/DistortionUGens.so
7ff12bd73000-7ff12bd74000 r--p 00002000 08:01 3947901                    /home/nicoletto/dev/clojure/libs/overtone/hackio/target/native/linux/x86_64/DistortionUGens.so
7ff12bd74000-7ff12bd75000 rw-p 00003000 08:01 3947901                    /home/nicoletto/dev/clojure/libs/overtone/hackio/target/native/linux/x86_64/DistortionUGens.so
7ff12bd75000-7ff12bd83000 r-xp 00000000 08:01 3947927                    /home/nicoletto/dev/clojure/libs/overtone/hackio/target/native/linux/x86_64/SLUGens.so
7ff12bd83000-7ff12bf82000 ---p 0000e000 08:01 3947927                    /home/nicoletto/dev/clojure/libs/overtone/hackio/target/native/linux/x86_64/SLUGens.so
7ff12bf82000-7ff12bf83000 r--p 0000d000 08:01 3947927                    /home/nicoletto/dev/clojure/libs/overtone/hackio/target/native/linux/x86_64/SLUGens.so
7ff12bf83000-7ff12bf84000 rw-p 0000e000 08:01 3947927                    /home/nicoletto/dev/clojure/libs/overtone/hackio/target/native/linux/x86_64/SLUGens.so
7ff12bf84000-7ff12bf8c000 r-xp 00000000 08:01 3947932                    /home/nicoletto/dev/clojure/libs/overtone/hackio/target/native/linux/x86_64/VBAP.so
7ff12bf8c000-7ff12c18b000 ---p 00008000 08:01 3947932                    /home/nicoletto/dev/clojure/libs/overtone/hackio/target/native/linux/x86_64/VBAP.so
7ff12c18b000-7ff12c18c000 r--p 00007000 08:01 3947932                    /home/nicoletto/dev/clojure/libs/overtone/hackio/target/native/linux/x86_64/VBAP.so
7ff12c18c000-7ff12c18d000 rw-p 00008000 08:01 3947932                    /home/nicoletto/dev/clojure/libs/overtone/hackio/target/native/linux/x86_64/VBAP.so
7ff12c18d000-7ff12c18f000 r-xp 00000000 08:01 3947917                    /home/nicoletto/dev/clojure/libs/overtone/hackio/target/native/linux/x86_64/MCLDPollUGens.so
7ff12c18f000-7ff12c38e000 ---p 00002000 08:01 3947917                    /home/nicoletto/dev/clojure/libs/overtone/hackio/target/native/linux/x86_64/MCLDPollUGens.so
7ff12c38e000-7ff12c38f000 r--p 00001000 08:01 3947917                    /home/nicoletto/dev/clojure/libs/overtone/hackio/target/native/linux/x86_64/MCLDPollUGens.so
7ff12c38f000-7ff12c390000 rw-p 00002000 08:01 3947917                    /home/nicoletto/dev/clojure/libs/overtone/hackio/target/native/linux/x86_64/MCLDPollUGens.so
7ff12c390000-7ff12c396000 r-xp 00000000 08:01 3948059                    /home/nicoletto/dev/clojure/libs/overtone/hackio/target/native/linux/x86_64/PV_ThirdParty.so
7ff12c396000-7ff12c596000 ---p 00006000 08:01 3948059                    /home/nicoletto/dev/clojure/libs/overtone/hackio/target/native/linux/x86_64/PV_ThirdParty.so
7ff12c596000-7ff12c597000 r--p 00006000 08:01 3948059                    /home/nicoletto/dev/clojure/libs/overtone/hackio/target/native/linux/x86_64/PV_ThirdParty.so
7ff12c597000-7ff12c598000 rw-p 00007000 08:01 3948059                    /home/nicoletto/dev/clojure/libs/overtone/hackio/target/native/linux/x86_64/PV_ThirdParty.so
7ff12c598000-7ff12c5c8000 rw-p 00000000 00:00 0 
7ff12c5c8000-7ff12c5d3000 r-xp 00000000 08:01 3947894                    /home/nicoletto/dev/clojure/libs/overtone/hackio/target/native/linux/x86_64/BhobChaos.so
7ff12c5d3000-7ff12c7d2000 ---p 0000b000 08:01 3947894                    /home/nicoletto/dev/clojure/libs/overtone/hackio/target/native/linux/x86_64/BhobChaos.so
7ff12c7d2000-7ff12c7d3000 r--p 0000a000 08:01 3947894                    /home/nicoletto/dev/clojure/libs/overtone/hackio/target/native/linux/x86_64/BhobChaos.so
7ff12c7d3000-7ff12c7d4000 rw-p 0000b000 08:01 3947894                    /home/nicoletto/dev/clojure/libs/overtone/hackio/target/native/linux/x86_64/BhobChaos.so
7ff12c7d4000-7ff12c7d5000 ---p 00000000 00:00 0 
7ff12c7d5000-7ff12cfd5000 rw-p 00000000 00:00 0                          [stack:14352]
7ff12cfd5000-7ff12cfd8000 r-xp 00000000 08:01 3948053                    /home/nicoletto/dev/clojure/libs/overtone/hackio/target/native/linux/x86_64/MouseUGens.so
7ff12cfd8000-7ff12d1d7000 ---p 00003000 08:01 3948053                    /home/nicoletto/dev/clojure/libs/overtone/hackio/target/native/linux/x86_64/MouseUGens.so
7ff12d1d7000-7ff12d1d8000 r--p 00002000 08:01 3948053                    /home/nicoletto/dev/clojure/libs/overtone/hackio/target/native/linux/x86_64/MouseUGens.so
7ff12d1d8000-7ff12d1d9000 rw-p 00003000 08:01 3948053                    /home/nicoletto/dev/clojure/libs/overtone/hackio/target/native/linux/x86_64/MouseUGens.so
7ff12d1d9000-7ff12d1e9000 r-xp 00000000 08:01 3947903                    /home/nicoletto/dev/clojure/libs/overtone/hackio/target/native/linux/x86_64/JoshAmbiUGens.so
7ff12d1e9000-7ff12d3e8000 ---p 00010000 08:01 3947903                    /home/nicoletto/dev/clojure/libs/overtone/hackio/target/native/linux/x86_64/JoshAmbiUGens.so
7ff12d3e8000-7ff12d3e9000 r--p 0000f000 08:01 3947903                    /home/nicoletto/dev/clojure/libs/overtone/hackio/target/native/linux/x86_64/JoshAmbiUGens.so
7ff12d3e9000-7ff12d3ea000 rw-p 00010000 08:01 3947903                    /home/nicoletto/dev/clojure/libs/overtone/hackio/target/native/linux/x86_64/JoshAmbiUGens.so
7ff12d3ea000-7ff12d3ec000 r-xp 00000000 08:01 3947889                    /home/nicoletto/dev/clojure/libs/overtone/hackio/target/native/linux/x86_64/BatPVUgens.so
7ff12d3ec000-7ff12d5eb000 ---p 00002000 08:01 3947889                    /home/nicoletto/dev/clojure/libs/overtone/hackio/target/native/linux/x86_64/BatPVUgens.so
7ff12d5eb000-7ff12d5ec000 r--p 00001000 08:01 3947889                    /home/nicoletto/dev/clojure/libs/overtone/hackio/target/native/linux/x86_64/BatPVUgens.so
7ff12d5ec000-7ff12d5ed000 rw-p 00002000 08:01 3947889                    /home/nicoletto/dev/clojure/libs/overtone/hackio/target/native/linux/x86_64/BatPVUgens.so
7ff12d5ed000-7ff12d5f9000 rw-p 00000000 00:00 0 
7ff12d5f9000-7ff12d5fe000 r-xp 00000000 08:01 3947911                    /home/nicoletto/dev/clojure/libs/overtone/hackio/target/native/linux/x86_64/MCLDChaosUGens.so
7ff12d5fe000-7ff12d7fd000 ---p 00005000 08:01 3947911                    /home/nicoletto/dev/clojure/libs/overtone/hackio/target/native/linux/x86_64/MCLDChaosUGens.so
7ff12d7fd000-7ff12d7fe000 r--p 00004000 08:01 3947911                    /home/nicoletto/dev/clojure/libs/overtone/hackio/target/native/linux/x86_64/MCLDChaosUGens.so
7ff12d7fe000-7ff12d7ff000 rw-p 00005000 08:01 3947911                    /home/nicoletto/dev/clojure/libs/overtone/hackio/target/native/linux/x86_64/MCLDChaosUGens.so
7ff12d7ff000-7ff12d806000 r-xp 00000000 08:01 3947893                    /home/nicoletto/dev/clojure/libs/overtone/hackio/target/native/linux/x86_64/BetablockerUGens.so
7ff12d806000-7ff12da05000 ---p 00007000 08:01 3947893                    /home/nicoletto/dev/clojure/libs/overtone/hackio/target/native/linux/x86_64/BetablockerUGens.so
7ff12da05000-7ff12da06000 r--p 00006000 08:01 3947893                    /home/nicoletto/dev/clojure/libs/overtone/hackio/target/native/linux/x86_64/BetablockerUGens.so
7ff12da06000-7ff12da07000 rw-p 00007000 08:01 3947893                    /home/nicoletto/dev/clojure/libs/overtone/hackio/target/native/linux/x86_64/BetablockerUGens.so
7ff12da07000-7ff12da25000 r-xp 00000000 08:01 3947906                    /home/nicoletto/dev/clojure/libs/overtone/hackio/target/native/linux/x86_64/JoshUGens.so
7ff12da25000-7ff12dc25000 ---p 0001e000 08:01 3947906                    /home/nicoletto/dev/clojure/libs/overtone/hackio/target/native/linux/x86_64/JoshUGens.so
7ff12dc25000-7ff12dc26000 r--p 0001e000 08:01 3947906                    /home/nicoletto/dev/clojure/libs/overtone/hackio/target/native/linux/x86_64/JoshUGens.so
7ff12dc26000-7ff12dc27000 rw-p 0001f000 08:01 3947906                    /home/nicoletto/dev/clojure/libs/overtone/hackio/target/native/linux/x86_64/JoshUGens.so
7ff12dc27000-7ff12dc3d000 r-xp 00000000 08:01 3947896                    /home/nicoletto/dev/clojure/libs/overtone/hackio/target/native/linux/x86_64/BhobFilt.so
7ff12dc3d000-7ff12de3c000 ---p 00016000 08:01 3947896                    /home/nicoletto/dev/clojure/libs/overtone/hackio/target/native/linux/x86_64/BhobFilt.so
7ff12de3c000-7ff12de3d000 r--p 00015000 08:01 3947896                    /home/nicoletto/dev/clojure/libs/overtone/hackio/target/native/linux/x86_64/BhobFilt.so
7ff12de3d000-7ff12de3e000 rw-p 00016000 08:01 3947896                    /home/nicoletto/dev/clojure/libs/overtone/hackio/target/native/linux/x86_64/BhobFilt.so
7ff12de3e000-7ff12de41000 r-xp 00000000 08:01 3947929                    /home/nicoletto/dev/clojure/libs/overtone/hackio/target/native/linux/x86_64/SummerUGens.so
7ff12de41000-7ff12e041000 ---p 00003000 08:01 3947929                    /home/nicoletto/dev/clojure/libs/overtone/hackio/target/native/linux/x86_64/SummerUGens.so
7ff12e041000-7ff12e042000 r--p 00003000 08:01 3947929                    /home/nicoletto/dev/clojure/libs/overtone/hackio/target/native/linux/x86_64/SummerUGens.so
7ff12e042000-7ff12e043000 rw-p 00004000 08:01 3947929                    /home/nicoletto/dev/clojure/libs/overtone/hackio/target/native/linux/x86_64/SummerUGens.so
7ff12e043000-7ff12e048000 r-xp 00000000 08:01 3947900                    /home/nicoletto/dev/clojure/libs/overtone/hackio/target/native/linux/x86_64/Concat.so
7ff12e048000-7ff12e247000 ---p 00005000 08:01 3947900                    /home/nicoletto/dev/clojure/libs/overtone/hackio/target/native/linux/x86_64/Concat.so
7ff12e247000-7ff12e248000 r--p 00004000 08:01 3947900                    /home/nicoletto/dev/clojure/libs/overtone/hackio/target/native/linux/x86_64/Concat.so
7ff12e248000-7ff12e249000 rw-p 00005000 08:01 3947900                    /home/nicoletto/dev/clojure/libs/overtone/hackio/target/native/linux/x86_64/Concat.so
7ff12e249000-7ff12e24c000 r-xp 00000000 08:01 3948043                    /home/nicoletto/dev/clojure/libs/overtone/hackio/target/native/linux/x86_64/DynNoiseUGens.so
7ff12e24c000-7ff12e44b000 ---p 00003000 08:01 3948043                    /home/nicoletto/dev/clojure/libs/overtone/hackio/target/native/linux/x86_64/DynNoiseUGens.so
7ff12e44b000-7ff12e44c000 r--p 00002000 08:01 3948043                    /home/nicoletto/dev/clojure/libs/overtone/hackio/target/native/linux/x86_64/DynNoiseUGens.so
7ff12e44c000-7ff12e44d000 rw-p 00003000 08:01 3948043                    /home/nicoletto/dev/clojure/libs/overtone/hackio/target/native/linux/x86_64/DynNoiseUGens.so
7ff12e44d000-7ff12e45e000 r-xp 00000000 08:01 3948056                    /home/nicoletto/dev/clojure/libs/overtone/hackio/target/native/linux/x86_64/OscUGens.so
7ff12e45e000-7ff12e65d000 ---p 00011000 08:01 3948056                    /home/nicoletto/dev/clojure/libs/overtone/hackio/target/native/linux/x86_64/OscUGens.so
7ff12e65d000-7ff12e65e000 r--p 00010000 08:01 3948056                    /home/nicoletto/dev/clojure/libs/overtone/hackio/target/native/linux/x86_64/OscUGens.so
7ff12e65e000-7ff12e65f000 rw-p 00011000 08:01 3948056                    /home/nicoletto/dev/clojure/libs/overtone/hackio/target/native/linux/x86_64/OscUGens.so
7ff12e65f000-7ff12e660000 ---p 00000000 00:00 0 
7ff12e660000-7ff12ee60000 rw-p 00000000 00:00 0                          [stack:14351]
7ff12ee60000-7ff12ee63000 r-xp 00000000 08:01 3948042                    /home/nicoletto/dev/clojure/libs/overtone/hackio/target/native/linux/x86_64/DiskIO_UGens.so
7ff12ee63000-7ff12f063000 ---p 00003000 08:01 3948042                    /home/nicoletto/dev/clojure/libs/overtone/hackio/target/native/linux/x86_64/DiskIO_UGens.so
7ff12f063000-7ff12f064000 r--p 00003000 08:01 3948042                    /home/nicoletto/dev/clojure/libs/overtone/hackio/target/native/linux/x86_64/DiskIO_UGens.so
7ff12f064000-7ff12f065000 rw-p 00004000 08:01 3948042                    /home/nicoletto/dev/clojure/libs/overtone/hackio/target/native/linux/x86_64/DiskIO_UGens.so
7ff12f065000-7ff12f066000 rw-p 00000000 00:00 0 
7ff12f066000-7ff12f06a000 r-xp 00000000 08:01 3947890                    /home/nicoletto/dev/clojure/libs/overtone/hackio/target/native/linux/x86_64/BatUGens.so
7ff12f06a000-7ff12f269000 ---p 00004000 08:01 3947890                    /home/nicoletto/dev/clojure/libs/overtone/hackio/target/native/linux/x86_64/BatUGens.so
7ff12f269000-7ff12f26a000 r--p 00003000 08:01 3947890                    /home/nicoletto/dev/clojure/libs/overtone/hackio/target/native/linux/x86_64/BatUGens.so
7ff12f26a000-7ff12f26b000 rw-p 00004000 08:01 3947890                    /home/nicoletto/dev/clojure/libs/overtone/hackio/target/native/linux/x86_64/BatUGens.so
7ff12f26b000-7ff12f26e000 r-xp 00000000 08:01 3947914                    /home/nicoletto/dev/clojure/libs/overtone/hackio/target/native/linux/x86_64/MCLDFilterUGens.so
7ff12f26e000-7ff12f46d000 ---p 00003000 08:01 3947914                    /home/nicoletto/dev/clojure/libs/overtone/hackio/target/native/linux/x86_64/MCLDFilterUGens.so
7ff12f46d000-7ff12f46e000 r--p 00002000 08:01 3947914                    /home/nicoletto/dev/clojure/libs/overtone/hackio/target/native/linux/x86_64/MCLDFilterUGens.so
7ff12f46e000-7ff12f46f000 rw-p 00003000 08:01 3947914                    /home/nicoletto/dev/clojure/libs/overtone/hackio/target/native/linux/x86_64/MCLDFilterUGens.so
7ff12f46f000-7ff12f472000 r-xp 00000000 08:01 3947922                    /home/nicoletto/dev/clojure/libs/overtone/hackio/target/native/linux/x86_64/MembraneUGens.so
7ff12f472000-7ff12f671000 ---p 00003000 08:01 3947922                    /home/nicoletto/dev/clojure/libs/overtone/hackio/target/native/linux/x86_64/MembraneUGens.so
7ff12f671000-7ff12f672000 r--p 00002000 08:01 3947922                    /home/nicoletto/dev/clojure/libs/overtone/hackio/target/native/linux/x86_64/MembraneUGens.so
7ff12f672000-7ff12f673000 rw-p 00003000 08:01 3947922                    /home/nicoletto/dev/clojure/libs/overtone/hackio/target/native/linux/x86_64/MembraneUGens.so
7ff12f673000-7ff12f675000 r-xp 00000000 08:01 3947920                    /home/nicoletto/dev/clojure/libs/overtone/hackio/target/native/linux/x86_64/MCLDTriggeredStatsUgens.so
7ff12f675000-7ff12f874000 ---p 00002000 08:01 3947920                    /home/nicoletto/dev/clojure/libs/overtone/hackio/target/native/linux/x86_64/MCLDTriggeredStatsUgens.so
7ff12f874000-7ff12f875000 r--p 00001000 08:01 3947920                    /home/nicoletto/dev/clojure/libs/overtone/hackio/target/native/linux/x86_64/MCLDTriggeredStatsUgens.so
7ff12f875000-7ff12f876000 rw-p 00002000 08:01 3947920                    /home/nicoletto/dev/clojure/libs/overtone/hackio/target/native/linux/x86_64/MCLDTriggeredStatsUgens.so
7ff12f876000-7ff12f87c000 r-xp 00000000 08:01 3948060                    /home/nicoletto/dev/clojure/libs/overtone/hackio/target/native/linux/x86_64/ReverbUGens.so
7ff12f87c000-7ff12fa7b000 ---p 00006000 08:01 3948060                    /home/nicoletto/dev/clojure/libs/overtone/hackio/target/native/linux/x86_64/ReverbUGens.so
7ff12fa7b000-7ff12fa7c000 r--p 00005000 08:01 3948060                    /home/nicoletto/dev/clojure/libs/overtone/hackio/target/native/linux/x86_64/ReverbUGens.so
7ff12fa7c000-7ff12fa7d000 rw-p 00006000 08:01 3948060                    /home/nicoletto/dev/clojure/libs/overtone/hackio/target/native/linux/x86_64/ReverbUGens.so
7ff12fa7d000-7ff12fa82000 r-xp 00000000 08:01 3947895                    /home/nicoletto/dev/clojure/libs/overtone/hackio/target/native/linux/x86_64/BhobFFT.so
7ff12fa82000-7ff12fc81000 ---p 00005000 08:01 3947895                    /home/nicoletto/dev/clojure/libs/overtone/hackio/target/native/linux/x86_64/BhobFFT.so
7ff12fc81000-7ff12fc82000 r--p 00004000 08:01 3947895                    /home/nicoletto/dev/clojure/libs/overtone/hackio/target/native/linux/x86_64/BhobFFT.so
7ff12fc82000-7ff12fc83000 rw-p 00005000 08:01 3947895                    /home/nicoletto/dev/clojure/libs/overtone/hackio/target/native/linux/x86_64/BhobFFT.so
7ff12fc83000-7ff12fc8f000 rw-p 00000000 00:00 0 
7ff12fc8f000-7ff12fca2000 r-xp 00000000 08:01 3948063                    /home/nicoletto/dev/clojure/libs/overtone/hackio/target/native/linux/x86_64/UnaryOpUGens.so
7ff12fca2000-7ff12fea2000 ---p 00013000 08:01 3948063                    /home/nicoletto/dev/clojure/libs/overtone/hackio/target/native/linux/x86_64/UnaryOpUGens.so
7ff12fea2000-7ff12fea3000 r--p 00013000 08:01 3948063                    /home/nicoletto/dev/clojure/libs/overtone/hackio/target/native/linux/x86_64/UnaryOpUGens.so
7ff12fea3000-7ff12fea4000 rw-p 00014000 08:01 3948063                    /home/nicoletto/dev/clojure/libs/overtone/hackio/target/native/linux/x86_64/UnaryOpUGens.so
7ff12fea4000-7ff12fea7000 r-xp 00000000 08:01 3947921                    /home/nicoletto/dev/clojure/libs/overtone/hackio/target/native/linux/x86_64/MdaUGens.so
7ff12fea7000-7ff1300a6000 ---p 00003000 08:01 3947921                    /home/nicoletto/dev/clojure/libs/overtone/hackio/target/native/linux/x86_64/MdaUGens.so
7ff1300a6000-7ff1300a7000 r--p 00002000 08:01 3947921                    /home/nicoletto/dev/clojure/libs/overtone/hackio/target/native/linux/x86_64/MdaUGens.so
7ff1300a7000-7ff1301c6000 rw-p 00003000 08:01 3947921                    /home/nicoletto/dev/clojure/libs/overtone/hackio/target/native/linux/x86_64/MdaUGens.so
7ff1301c6000-7ff1301de000 r-xp 00000000 08:01 3948047                    /home/nicoletto/dev/clojure/libs/overtone/hackio/target/native/linux/x86_64/GrainUGens.so
7ff1301de000-7ff1303dd000 ---p 00018000 08:01 3948047                    /home/nicoletto/dev/clojure/libs/overtone/hackio/target/native/linux/x86_64/GrainUGens.so
7ff1303dd000-7ff1303de000 r--p 00017000 08:01 3948047                    /home/nicoletto/dev/clojure/libs/overtone/hackio/target/native/linux/x86_64/GrainUGens.so
7ff1303de000-7ff1303df000 rw-p 00018000 08:01 3948047                    /home/nicoletto/dev/clojure/libs/overtone/hackio/target/native/linux/x86_64/GrainUGens.so
7ff1303df000-7ff1303e7000 r-xp 00000000 08:01 3947931                    /home/nicoletto/dev/clojure/libs/overtone/hackio/target/native/linux/x86_64/TJUGens.so
7ff1303e7000-7ff1305e6000 ---p 00008000 08:01 3947931                    /home/nicoletto/dev/clojure/libs/overtone/hackio/target/native/linux/x86_64/TJUGens.so
7ff1305e6000-7ff1305e7000 r--p 00007000 08:01 3947931                    /home/nicoletto/dev/clojure/libs/overtone/hackio/target/native/linux/x86_64/TJUGens.so
7ff1305e7000-7ff1305e8000 rw-p 00008000 08:01 3947931                    /home/nicoletto/dev/clojure/libs/overtone/hackio/target/native/linux/x86_64/TJUGens.so
7ff1305e8000-7ff13061a000 r-xp 00000000 08:01 3948038                    /home/nicoletto/dev/clojure/libs/overtone/hackio/target/native/linux/x86_64/BinaryOpUGens.so
7ff13061a000-7ff13081a000 ---p 00032000 08:01 3948038                    /home/nicoletto/dev/clojure/libs/overtone/hackio/target/native/linux/x86_64/BinaryOpUGens.so
7ff13081a000-7ff13081b000 r--p 00032000 08:01 3948038                    /home/nicoletto/dev/clojure/libs/overtone/hackio/target/native/linux/x86_64/BinaryOpUGens.so
7ff13081b000-7ff13081c000 rw-p 00033000 08:01 3948038                    /home/nicoletto/dev/clojure/libs/overtone/hackio/target/native/linux/x86_64/BinaryOpUGens.so
7ff13081c000-7ff13081f000 r-xp 00000000 08:01 3947902                    /home/nicoletto/dev/clojure/libs/overtone/hackio/target/native/linux/x86_64/GlitchUGens.so
7ff13081f000-7ff130a1e000 ---p 00003000 08:01 3947902                    /home/nicoletto/dev/clojure/libs/overtone/hackio/target/native/linux/x86_64/GlitchUGens.so
7ff130a1e000-7ff130a1f000 r--p 00002000 08:01 3947902                    /home/nicoletto/dev/clojure/libs/overtone/hackio/target/native/linux/x86_64/GlitchUGens.so
7ff130a1f000-7ff130a20000 rw-p 00003000 08:01 3947902                    /home/nicoletto/dev/clojure/libs/overtone/hackio/target/native/linux/x86_64/GlitchUGens.so
7ff130a20000-7ff130a22000 r-xp 00000000 08:01 3947915                    /home/nicoletto/dev/clojure/libs/overtone/hackio/target/native/linux/x86_64/MCLDGetenvUGen.so
7ff130a22000-7ff130c21000 ---p 00002000 08:01 3947915                    /home/nicoletto/dev/clojure/libs/overtone/hackio/target/native/linux/x86_64/MCLDGetenvUGen.so
7ff130c21000-7ff130c22000 r--p 00001000 08:01 3947915                    /home/nicoletto/dev/clojure/libs/overtone/hackio/target/native/linux/x86_64/MCLDGetenvUGen.so
7ff130c22000-7ff130c23000 rw-p 00002000 08:01 3947915                    /home/nicoletto/dev/clojure/libs/overtone/hackio/target/native/linux/x86_64/MCLDGetenvUGen.so
7ff130c23000-7ff130c25000 r-xp 00000000 08:01 3948061                    /home/nicoletto/dev/clojure/libs/overtone/hackio/target/native/linux/x86_64/TestUGens.so
7ff130c25000-7ff130e24000 ---p 00002000 08:01 3948061                    /home/nicoletto/dev/clojure/libs/overtone/hackio/target/native/linux/x86_64/TestUGens.so
7ff130e24000-7ff130e25000 r--p 00001000 08:01 3948061                    /home/nicoletto/dev/clojure/libs/overtone/hackio/target/native/linux/x86_64/TestUGens.so
7ff130e25000-7ff130e26000 rw-p 00002000 08:01 3948061                    /home/nicoletto/dev/clojure/libs/overtone/hackio/target/native/linux/x86_64/TestUGens.so
7ff130e26000-7ff130e28000 r-xp 00000000 08:01 3947925                    /home/nicoletto/dev/clojure/libs/overtone/hackio/target/native/linux/x86_64/RFWUGens.so
7ff130e28000-7ff131027000 ---p 00002000 08:01 3947925                    /home/nicoletto/dev/clojure/libs/overtone/hackio/target/native/linux/x86_64/RFWUGens.so
7ff131027000-7ff131028000 r--p 00001000 08:01 3947925                    /home/nicoletto/dev/clojure/libs/overtone/hackio/target/native/linux/x86_64/RFWUGens.so
7ff131028000-7ff131029000 rw-p 00002000 08:01 3947925                    /home/nicoletto/dev/clojure/libs/overtone/hackio/target/native/linux/x86_64/RFWUGens.so
7ff131029000-7ff13102c000 r-xp 00000000 08:01 3947919                    /home/nicoletto/dev/clojure/libs/overtone/hackio/target/native/linux/x86_64/MCLDTreeUGens.so
7ff13102c000-7ff13122b000 ---p 00003000 08:01 3947919                    /home/nicoletto/dev/clojure/libs/overtone/hackio/target/native/linux/x86_64/MCLDTreeUGens.so
7ff13122b000-7ff13122c000 r--p 00002000 08:01 3947919                    /home/nicoletto/dev/clojure/libs/overtone/hackio/target/native/linux/x86_64/MCLDTreeUGens.so
7ff13122c000-7ff13122d000 rw-p 00003000 08:01 3947919                    /home/nicoletto/dev/clojure/libs/overtone/hackio/target/native/linux/x86_64/MCLDTreeUGens.so
7ff13122d000-7ff131233000 r-xp 00000000 08:01 3947898                    /home/nicoletto/dev/clojure/libs/overtone/hackio/target/native/linux/x86_64/BhobNoise.s